This is pdfTeX, Version 3.1415926-2.3-1.40.12 (MiKTeX 2.9) (preloaded format=pdflatex 2017.6.3)  21 AUG 2017 20:21
entering extended mode
**sample-sigconf.tex
("Q:\Academic\ZJU\Source Localization\WUWNET\sample-sigconf.tex"
LaTeX2e <2011/06/27>
Babel <v3.8m> and hyphenation patterns for loaded.
("Q:\Academic\ZJU\Source Localization\WUWNET\acmart.cls"
Document Class: acmart 2017/06/25 v1.41 Typesetting articles for Association of
 Computing Machinery
(E:\software\CTEX\MiKTeX\tex\latex\xkeyval\xkeyval.sty
Package: xkeyval 2008/08/13 v2.6a package option processing (HA)

(E:\software\CTEX\MiKTeX\tex\generic\xkeyval\xkeyval.tex
\XKV@toks=\toks14
\XKV@tempa@toks=\toks15
\XKV@depth=\count79
File: xkeyval.tex 2008/08/13 v2.6a key=value parser (HA)

(E:\software\CTEX\MiKTeX\tex\generic\xkeyval\keyval.tex)))
(E:\software\CTEX\MiKTeX\tex\latex\xstring\xstring.sty
(E:\software\CTEX\MiKTeX\tex\generic\xstring\xstring.tex
\@xs@message=\write3
\integerpart=\count80
\decimalpart=\count81
)
Package: xstring 2010/03/28  v1.5d  String manipulations (C Tellechea)
)
Package acmart Info: Not using screen mode on input line 73.
Package acmart Info: Not using review mode on input line 81.
Package acmart Info: Not using authorversion mode on input line 89.
Package acmart Info: Explicitly selecting natbib mode on input line 97.
Package acmart Info: Not using anonymous mode on input line 105.
Package acmart Info: Not using timestamp mode on input line 113.
Package acmart Info: Not using authordraft mode on input line 123.
Class acmart Info: Using format sigconf, number 4 on input line 132.
Class acmart Info: Using fontsize 9pt on input line 190.

(E:\software\CTEX\MiKTeX\tex\latex\ams\classes\amsart.cls
Document Class: amsart 2009/07/02 v2.20.1
\linespacing=\dimen102
\normalparindent=\dimen103
\normaltopskip=\skip41
(E:\software\CTEX\MiKTeX\tex\latex\ams\math\amsmath.sty
Package: amsmath 2000/07/18 v2.13 AMS math features
\@mathmargin=\skip42

For additional information on amsmath, use the `?' option.
(E:\software\CTEX\MiKTeX\tex\latex\ams\math\amstext.sty
Package: amstext 2000/06/29 v2.01

(E:\software\CTEX\MiKTeX\tex\latex\ams\math\amsgen.sty
File: amsgen.sty 1999/11/30 v2.0
\@emptytoks=\toks16
\ex@=\dimen104
))
(E:\software\CTEX\MiKTeX\tex\latex\ams\math\amsbsy.sty
Package: amsbsy 1999/11/29 v1.2d
\pmbraise@=\dimen105
)
(E:\software\CTEX\MiKTeX\tex\latex\ams\math\amsopn.sty
Package: amsopn 1999/12/14 v2.01 operator names
)
\inf@bad=\count82
LaTeX Info: Redefining \frac on input line 211.
\uproot@=\count83
\leftroot@=\count84
LaTeX Info: Redefining \overline on input line 307.
\classnum@=\count85
\DOTSCASE@=\count86
LaTeX Info: Redefining \ldots on input line 379.
LaTeX Info: Redefining \dots on input line 382.
LaTeX Info: Redefining \cdots on input line 467.
\Mathstrutbox@=\box26
\strutbox@=\box27
\big@size=\dimen106
LaTeX Font Info:    Redeclaring font encoding OML on input line 567.
LaTeX Font Info:    Redeclaring font encoding OMS on input line 568.
\macc@depth=\count87
\c@MaxMatrixCols=\count88
\dotsspace@=\muskip10
\c@parentequation=\count89
\dspbrk@lvl=\count90
\tag@help=\toks17
\row@=\count91
\column@=\count92
\maxfields@=\count93
\andhelp@=\toks18
\eqnshift@=\dimen107
\alignsep@=\dimen108
\tagshift@=\dimen109
\tagwidth@=\dimen110
\totwidth@=\dimen111
\lineht@=\dimen112
\@envbody=\toks19
\multlinegap=\skip43
\multlinetaggap=\skip44
\mathdisplay@stack=\toks20
LaTeX Info: Redefining \[ on input line 2666.
LaTeX Info: Redefining \] on input line 2667.
)
LaTeX Font Info:    Try loading font information for U+msa on input line 388.

(E:\software\CTEX\MiKTeX\tex\latex\amsfonts\umsa.fd
File: umsa.fd 2009/06/22 v3.00 AMS symbols A
)
(E:\software\CTEX\MiKTeX\tex\latex\amsfonts\amsfonts.sty
Package: amsfonts 2009/06/22 v3.00 Basic AMSFonts support
\symAMSa=\mathgroup4
\symAMSb=\mathgroup5
LaTeX Font Info:    Overwriting math alphabet `\mathfrak' in version `bold'
(Font)                  U/euf/m/n --> U/euf/b/n on input line 96.
)
\copyins=\insert233
\abstractbox=\box28
\listisep=\skip45
\c@part=\count94
\c@section=\count95
\c@subsection=\count96
\c@subsubsection=\count97
\c@paragraph=\count98
\c@subparagraph=\count99
\c@figure=\count100
\c@table=\count101
\abovecaptionskip=\skip46
\belowcaptionskip=\skip47
\captionindent=\dimen113
\thm@style=\toks21
\thm@bodyfont=\toks22
\thm@headfont=\toks23
\thm@notefont=\toks24
\thm@headpunct=\toks25
\thm@preskip=\skip48
\thm@postskip=\skip49
\thm@headsep=\skip50
\dth@everypar=\toks26
)
(E:\software\CTEX\MiKTeX\tex\latex\microtype\microtype.sty
Package: microtype 2010/01/10 v2.4 Micro-typography with pdfTeX (RS)
\MT@toks=\toks27
\MT@count=\count102
LaTeX Info: Redefining \lsstyle on input line 1597.
LaTeX Info: Redefining \lslig on input line 1597.
\MT@outer@space=\skip51
LaTeX Info: Redefining \textls on input line 1605.
\MT@outer@kern=\dimen114
LaTeX Info: Redefining \textmicrotypecontext on input line 2156.
Package microtype Info: Loading configuration file microtype.cfg.

(E:\software\CTEX\MiKTeX\tex\latex\microtype\microtype.cfg
File: microtype.cfg 2010/01/10 v2.4 microtype main configuration file (RS)
))
(E:\software\CTEX\MiKTeX\tex\latex\totpages\totpages.sty
Package: totpages 2005/09/19 v2.00 Totpages Package (muewi)

(E:\software\CTEX\MiKTeX\tex\latex\ms\everyshi.sty
Package: everyshi 2001/05/15 v3.00 EveryShipout Package (MS)
))
(E:\software\CTEX\MiKTeX\tex\latex\environ\environ.sty
Package: environ 2008/06/18 v0.2 A new way to define environments
)
(E:\software\CTEX\MiKTeX\tex\latex\textcase\textcase.sty
Package: textcase 2004/10/07 v0.07 Text only upper/lower case changing (DPC)
)
(E:\software\CTEX\MiKTeX\tex\latex\natbib\natbib.sty
Package: natbib 2010/09/13 8.31b (PWD, AO)
\bibhang=\skip52
\bibsep=\skip53
LaTeX Info: Redefining \cite on input line 694.
\c@NAT@ctr=\count103
)
(E:\software\CTEX\MiKTeX\tex\latex\hyperref\hyperref.sty
Package: hyperref 2012/02/06 v6.82o Hypertext links for LaTeX

(E:\software\CTEX\MiKTeX\tex\generic\oberdiek\hobsub-hyperref.sty
Package: hobsub-hyperref 2011/04/23 v1.4 Bundle oberdiek, subset hyperref (HO)

(E:\software\CTEX\MiKTeX\tex\generic\oberdiek\hobsub-generic.sty
Package: hobsub-generic 2011/04/23 v1.4 Bundle oberdiek, subset generic (HO)
Package: hobsub 2011/04/23 v1.4 Subsetting bundle oberdiek (HO)
Package: infwarerr 2010/04/08 v1.3 Providing info/warning/message (HO)
Package: ltxcmds 2011/04/18 v1.20 LaTeX kernel commands for general use (HO)
Package: ifluatex 2010/03/01 v1.3 Provides the ifluatex switch (HO)
Package ifluatex Info: LuaTeX not detected.
Package: ifvtex 2010/03/01 v1.5 Switches for detecting VTeX and its modes (HO)
Package ifvtex Info: VTeX not detected.
Package: intcalc 2007/09/27 v1.1 Expandable integer calculations (HO)
Package: ifpdf 2011/01/30 v2.3 Provides the ifpdf switch (HO)
Package ifpdf Info: pdfTeX in PDF mode is detected.
Package: etexcmds 2011/02/16 v1.5 Prefix for e-TeX command names (HO)
Package etexcmds Info: Could not find \expanded.
(etexcmds)             That can mean that you are not using pdfTeX 1.50 or
(etexcmds)             that some package has redefined \expanded.
(etexcmds)             In the latter case, load this package earlier.
Package: kvsetkeys 2011/04/07 v1.13 Key value parser (HO)
Package: kvdefinekeys 2011/04/07 v1.3 Defining keys (HO)
Package: pdftexcmds 2011/04/22 v0.16 Utilities of pdfTeX for LuaTeX (HO)
Package pdftexcmds Info: LuaTeX not detected.
Package pdftexcmds Info: \pdf@primitive is available.
Package pdftexcmds Info: \pdf@ifprimitive is available.
Package pdftexcmds Info: \pdfdraftmode found.
Package: pdfescape 2011/04/04 v1.12 Provides string conversions (HO)
Package: bigintcalc 2011/01/30 v1.2 Expandable big integer calculations (HO)
Package: bitset 2011/01/30 v1.1 Data type bit set (HO)
Package: uniquecounter 2011/01/30 v1.2 Provides unlimited unique counter (HO)
)
Package hobsub Info: Skipping package `hobsub' (already loaded).
Package: letltxmacro 2010/09/02 v1.4 Let assignment for LaTeX macros (HO)
Package: hopatch 2011/01/30 v1.0 Wrapper for package hooks (HO)
Package: xcolor-patch 2011/01/30 xcolor patch
Package: atveryend 2011/04/23 v1.7 Hooks at very end of document (HO)
Package: atbegshi 2011/01/30 v1.15 At begin shipout hook (HO)
Package: refcount 2010/12/01 v3.2 Data extraction from references (HO)
Package: hycolor 2011/01/30 v1.7 Color options of hyperref/bookmark (HO)
)
(E:\software\CTEX\MiKTeX\tex\generic\ifxetex\ifxetex.sty
Package: ifxetex 2010/09/12 v0.6 Provides ifxetex conditional
)
(E:\software\CTEX\MiKTeX\tex\latex\oberdiek\kvoptions.sty
Package: kvoptions 2010/12/23 v3.10 Keyval support for LaTeX options (HO)
)
\@linkdim=\dimen115
\Hy@linkcounter=\count104
\Hy@pagecounter=\count105

(E:\software\CTEX\MiKTeX\tex\latex\hyperref\pd1enc.def
File: pd1enc.def 2012/02/06 v6.82o Hyperref: PDFDocEncoding definition (HO)
)
\Hy@SavedSpaceFactor=\count106

(E:\software\CTEX\MiKTeX\tex\latex\00miktex\hyperref.cfg
File: hyperref.cfg 2002/06/06 v1.2 hyperref configuration of TeXLive
)
Package hyperref Info: Option `bookmarksnumbered' set `true' on input line 3925
.
Package hyperref Info: Option `unicode' set `true' on input line 3925.

(E:\software\CTEX\MiKTeX\tex\latex\hyperref\puenc.def
File: puenc.def 2012/02/06 v6.82o Hyperref: PDF Unicode definition (HO)
)
Package hyperref Info: Hyper figures OFF on input line 4046.
Package hyperref Info: Link nesting OFF on input line 4051.
Package hyperref Info: Hyper index ON on input line 4054.
Package hyperref Info: Plain pages OFF on input line 4061.
Package hyperref Info: Backreferencing OFF on input line 4066.
Package hyperref Info: Implicit mode ON; LaTeX internals redefined.
Package hyperref Info: Bookmarks ON on input line 4284.
\c@Hy@tempcnt=\count107

(E:\software\CTEX\MiKTeX\tex\latex\ltxmisc\url.sty
\Urlmuskip=\muskip11
Package: url 2006/04/12  ver 3.3  Verb mode for urls, etc.
)
LaTeX Info: Redefining \url on input line 4637.
\Fld@menulength=\count108
\Field@Width=\dimen116
\Fld@charsize=\dimen117
Package hyperref Info: Hyper figures OFF on input line 5757.
Package hyperref Info: Link nesting OFF on input line 5762.
Package hyperref Info: Hyper index ON on input line 5765.
Package hyperref Info: backreferencing OFF on input line 5772.
Package hyperref Info: Link coloring OFF on input line 5777.
Package hyperref Info: Link coloring with OCG OFF on input line 5782.
Package hyperref Info: PDF/A mode OFF on input line 5787.
LaTeX Info: Redefining \ref on input line 5827.
LaTeX Info: Redefining \pageref on input line 5831.
\Hy@abspage=\count109
\c@Item=\count110
\c@Hfootnote=\count111
)

Package hyperref Message: Driver (autodetected): hpdftex.

(E:\software\CTEX\MiKTeX\tex\latex\hyperref\hpdftex.def
File: hpdftex.def 2012/02/06 v6.82o Hyperref driver for pdfTeX
\Fld@listcount=\count112
\c@bookmark@seq@number=\count113

(E:\software\CTEX\MiKTeX\tex\latex\oberdiek\rerunfilecheck.sty
Package: rerunfilecheck 2011/04/15 v1.7 Rerun checks for auxiliary files (HO)
Package uniquecounter Info: New unique counter `rerunfilecheck' on input line 2
82.
)
\Hy@SectionHShift=\skip54
)
(E:\software\CTEX\MiKTeX\tex\latex\cleveref\cleveref.sty
Package: cleveref 2012/02/15{} v0.18.4{} Intelligent cross-referencing
Package cleveref Info: `hyperref' support loaded on input line 2166.
LaTeX Info: Redefining \cref on input line 2166.
LaTeX Info: Redefining \Cref on input line 2166.
LaTeX Info: Redefining \crefrange on input line 2166.
LaTeX Info: Redefining \Crefrange on input line 2166.
LaTeX Info: Redefining \cpageref on input line 2166.
LaTeX Info: Redefining \Cpageref on input line 2166.
LaTeX Info: Redefining \cpagerefrange on input line 2166.
LaTeX Info: Redefining \Cpagerefrange on input line 2166.
LaTeX Info: Redefining \labelcref on input line 2166.
LaTeX Info: Redefining \labelcpageref on input line 2166.
Package cleveref Info: `amsthm' support loaded on input line 2581.
Package cleveref Info: loaded `english' language definitions on input line 6732
.
)
(E:\software\CTEX\MiKTeX\tex\latex\graphics\graphicx.sty
Package: graphicx 1999/02/16 v1.0f Enhanced LaTeX Graphics (DPC,SPQR)

(E:\software\CTEX\MiKTeX\tex\latex\graphics\graphics.sty
Package: graphics 2009/02/05 v1.0o Standard LaTeX Graphics (DPC,SPQR)

(E:\software\CTEX\MiKTeX\tex\latex\graphics\trig.sty
Package: trig 1999/03/16 v1.09 sin cos tan (DPC)
)
(E:\software\CTEX\MiKTeX\tex\latex\00miktex\graphics.cfg
File: graphics.cfg 2007/01/18 v1.5 graphics configuration of teTeX/TeXLive
)
Package graphics Info: Driver file: pdftex.def on input line 91.

(E:\software\CTEX\MiKTeX\tex\latex\pdftex-def\pdftex.def
File: pdftex.def 2011/05/27 v0.06d Graphics/color for pdfTeX
\Gread@gobject=\count114
))
\Gin@req@height=\dimen118
\Gin@req@width=\dimen119
)
(E:\software\CTEX\MiKTeX\tex\latex\xcolor\xcolor.sty
Package: xcolor 2007/01/21 v2.11 LaTeX color extensions (UK)

(E:\software\CTEX\MiKTeX\tex\latex\00miktex\color.cfg
File: color.cfg 2007/01/18 v1.5 color configuration of teTeX/TeXLive
)
Package xcolor Info: Driver file: pdftex.def on input line 225.
Package xcolor Info: Model `cmy' substituted by `cmy0' on input line 1337.
Package xcolor Info: Model `hsb' substituted by `rgb' on input line 1341.
Package xcolor Info: Model `RGB' extended on input line 1353.
Package xcolor Info: Model `HTML' substituted by `rgb' on input line 1355.
Package xcolor Info: Model `Hsb' substituted by `hsb' on input line 1356.
Package xcolor Info: Model `tHsb' substituted by `hsb' on input line 1357.
Package xcolor Info: Model `HSB' substituted by `hsb' on input line 1358.
Package xcolor Info: Model `Gray' substituted by `gray' on input line 1359.
Package xcolor Info: Model `wave' substituted by `hsb' on input line 1360.
)
(E:\software\CTEX\MiKTeX\tex\latex\geometry\geometry.sty
Package: geometry 2010/09/12 v5.6 Page Geometry
\Gm@cnth=\count115
\Gm@cntv=\count116
\c@Gm@tempcnt=\count117
\Gm@bindingoffset=\dimen120
\Gm@wd@mp=\dimen121
\Gm@odd@mp=\dimen122
\Gm@even@mp=\dimen123
\Gm@layoutwidth=\dimen124
\Gm@layoutheight=\dimen125
\Gm@layouthoffset=\dimen126
\Gm@layoutvoffset=\dimen127
\Gm@dimlist=\toks28

(E:\software\CTEX\MiKTeX\tex\latex\geometry\geometry.cfg))
(E:\software\CTEX\MiKTeX\tex\latex\ncctools\manyfoot.sty
Package: manyfoot 2005/09/11 v1.10 Many Footnote Levels Package (NCC)

(E:\software\CTEX\MiKTeX\tex\latex\ncctools\nccfoots.sty
Package: nccfoots 2005/02/03 v1.2 NCC Footnotes Package (NCC)
)
\MFL@columnwidth=\dimen128
)
\footinscopyrightpermission=\insert232
\c@footnotecopyrightpermission=\count118

(E:\software\CTEX\MiKTeX\tex\latex\iftex\iftex.sty
Package: iftex 2010/07/25 v0.2 Provides if(tex) conditional for PDFTeX, XeTeX, 
and LuaTeX
)
(E:\software\CTEX\MiKTeX\tex\generic\pdftex\glyphtounicode.tex)
(E:\software\CTEX\MiKTeX\tex\latex\cmap\cmap.sty
Package: cmap 2008/03/06 v1.0h CMap support: searchable PDF
)

Class acmart Warning: You do not have zi4 package installed. Please upgrade you
r TeX on input line 623.


Class acmart Warning: You do not have newtxmath package installed. Please upgra
de your TeX on input line 626.

(E:\software\CTEX\MiKTeX\tex\latex\caption\caption.sty
Package: caption 2011/11/10 v3.2e Customizing captions (AR)

(E:\software\CTEX\MiKTeX\tex\latex\caption\caption3.sty
Package: caption3 2011/11/01 v1.4a caption3 kernel (AR)
\captionmargin=\dimen129
\captionmargin@=\dimen130
\captionwidth=\dimen131
\caption@indent=\dimen132
\caption@parindent=\dimen133
\caption@hangindent=\dimen134
)
Package caption Info: AMS or SMF document class.
\c@ContinuedFloat=\count119
Package caption Info: hyperref package is loaded.
)
(E:\software\CTEX\MiKTeX\tex\latex\float\float.sty
Package: float 2001/11/08 v1.3d Float enhancements (AL)
\c@float@type=\count120
\float@exts=\toks29
\float@box=\box29
\@float@everytoks=\toks30
\@floatcapt=\box30
)
\@float@every@sidebar=\toks31
\c@sidebar=\count121
\fulltextwidth=\dimen135
\@ACM@labelwidth=\dimen136
\listisep=\skip55
\num@authorgroups=\count122
\@ACM@badge@width=\skip56
\@ACM@title@width=\skip57
\@ACM@badge@skip=\skip58
Class acmart Info: Printing CCS on input line 1207.
Class acmart Info: Printing bibformat on input line 1207.
Class acmart Info: Suppressing folios on input line 1214.
Class acmart Info: Setting authorsperrow to 0 on input line 1217.

(E:\software\CTEX\MiKTeX\tex\latex\comment\comment.sty
\CommentStream=\write4

Excluding comment 'comment') Excluding comment 'CCSXML'
(E:\software\CTEX\MiKTeX\tex\latex\base\textcomp.sty
Package: textcomp 2005/09/27 v1.99g Standard LaTeX package
Package textcomp Info: Sub-encoding information:
(textcomp)               5 = only ISO-Adobe without \textcurrency
(textcomp)               4 = 5 + \texteuro
(textcomp)               3 = 4 + \textohm
(textcomp)               2 = 3 + \textestimated + \textcurrency
(textcomp)               1 = TS1 - \textcircled - \t
(textcomp)               0 = TS1 (full)
(textcomp)             Font families with sub-encoding setting implement
(textcomp)             only a restricted character set as indicated.
(textcomp)             Family '?' is the default used for unknown fonts.
(textcomp)             See the documentation for details.
Package textcomp Info: Setting ? sub-encoding to TS1/1 on input line 71.

(E:\software\CTEX\MiKTeX\tex\latex\base\ts1enc.def
File: ts1enc.def 2001/06/05 v3.0e (jk/car/fm) Standard LaTeX file
)
LaTeX Info: Redefining \oldstylenums on input line 266.
Package textcomp Info: Setting cmr sub-encoding to TS1/0 on input line 281.
Package textcomp Info: Setting cmss sub-encoding to TS1/0 on input line 282.
Package textcomp Info: Setting cmtt sub-encoding to TS1/0 on input line 283.
Package textcomp Info: Setting cmvtt sub-encoding to TS1/0 on input line 284.
Package textcomp Info: Setting cmbr sub-encoding to TS1/0 on input line 285.
Package textcomp Info: Setting cmtl sub-encoding to TS1/0 on input line 286.
Package textcomp Info: Setting ccr sub-encoding to TS1/0 on input line 287.
Package textcomp Info: Setting ptm sub-encoding to TS1/4 on input line 288.
Package textcomp Info: Setting pcr sub-encoding to TS1/4 on input line 289.
Package textcomp Info: Setting phv sub-encoding to TS1/4 on input line 290.
Package textcomp Info: Setting ppl sub-encoding to TS1/3 on input line 291.
Package textcomp Info: Setting pag sub-encoding to TS1/4 on input line 292.
Package textcomp Info: Setting pbk sub-encoding to TS1/4 on input line 293.
Package textcomp Info: Setting pnc sub-encoding to TS1/4 on input line 294.
Package textcomp Info: Setting pzc sub-encoding to TS1/4 on input line 295.
Package textcomp Info: Setting bch sub-encoding to TS1/4 on input line 296.
Package textcomp Info: Setting put sub-encoding to TS1/5 on input line 297.
Package textcomp Info: Setting uag sub-encoding to TS1/5 on input line 298.
Package textcomp Info: Setting ugq sub-encoding to TS1/5 on input line 299.
Package textcomp Info: Setting ul8 sub-encoding to TS1/4 on input line 300.
Package textcomp Info: Setting ul9 sub-encoding to TS1/4 on input line 301.
Package textcomp Info: Setting augie sub-encoding to TS1/5 on input line 302.
Package textcomp Info: Setting dayrom sub-encoding to TS1/3 on input line 303.
Package textcomp Info: Setting dayroms sub-encoding to TS1/3 on input line 304.

Package textcomp Info: Setting pxr sub-encoding to TS1/0 on input line 305.
Package textcomp Info: Setting pxss sub-encoding to TS1/0 on input line 306.
Package textcomp Info: Setting pxtt sub-encoding to TS1/0 on input line 307.
Package textcomp Info: Setting txr sub-encoding to TS1/0 on input line 308.
Package textcomp Info: Setting txss sub-encoding to TS1/0 on input line 309.
Package textcomp Info: Setting txtt sub-encoding to TS1/0 on input line 310.
Package textcomp Info: Setting lmr sub-encoding to TS1/0 on input line 311.
Package textcomp Info: Setting lmdh sub-encoding to TS1/0 on input line 312.
Package textcomp Info: Setting lmss sub-encoding to TS1/0 on input line 313.
Package textcomp Info: Setting lmssq sub-encoding to TS1/0 on input line 314.
Package textcomp Info: Setting lmvtt sub-encoding to TS1/0 on input line 315.
Package textcomp Info: Setting qhv sub-encoding to TS1/0 on input line 316.
Package textcomp Info: Setting qag sub-encoding to TS1/0 on input line 317.
Package textcomp Info: Setting qbk sub-encoding to TS1/0 on input line 318.
Package textcomp Info: Setting qcr sub-encoding to TS1/0 on input line 319.
Package textcomp Info: Setting qcs sub-encoding to TS1/0 on input line 320.
Package textcomp Info: Setting qpl sub-encoding to TS1/0 on input line 321.
Package textcomp Info: Setting qtm sub-encoding to TS1/0 on input line 322.
Package textcomp Info: Setting qzc sub-encoding to TS1/0 on input line 323.
Package textcomp Info: Setting qhvc sub-encoding to TS1/0 on input line 324.
Package textcomp Info: Setting futs sub-encoding to TS1/4 on input line 325.
Package textcomp Info: Setting futx sub-encoding to TS1/4 on input line 326.
Package textcomp Info: Setting futj sub-encoding to TS1/4 on input line 327.
Package textcomp Info: Setting hlh sub-encoding to TS1/3 on input line 328.
Package textcomp Info: Setting hls sub-encoding to TS1/3 on input line 329.
Package textcomp Info: Setting hlst sub-encoding to TS1/3 on input line 330.
Package textcomp Info: Setting hlct sub-encoding to TS1/5 on input line 331.
Package textcomp Info: Setting hlx sub-encoding to TS1/5 on input line 332.
Package textcomp Info: Setting hlce sub-encoding to TS1/5 on input line 333.
Package textcomp Info: Setting hlcn sub-encoding to TS1/5 on input line 334.
Package textcomp Info: Setting hlcw sub-encoding to TS1/5 on input line 335.
Package textcomp Info: Setting hlcf sub-encoding to TS1/5 on input line 336.
Package textcomp Info: Setting pplx sub-encoding to TS1/3 on input line 337.
Package textcomp Info: Setting pplj sub-encoding to TS1/3 on input line 338.
Package textcomp Info: Setting ptmx sub-encoding to TS1/4 on input line 339.
Package textcomp Info: Setting ptmj sub-encoding to TS1/4 on input line 340.
)
\mktitle@bx=\box31
\@ACM@commabox=\box32
\author@bx=\box33
\author@bx@wd=\dimen137
\author@bx@sep=\skip59

(E:\software\CTEX\MiKTeX\tex\latex\fancyhdr\fancyhdr.sty
\fancy@headwidth=\skip60
\f@ncyO@elh=\skip61
\f@ncyO@erh=\skip62
\f@ncyO@olh=\skip63
\f@ncyO@orh=\skip64
\f@ncyO@elf=\skip65
\f@ncyO@erf=\skip66
\f@ncyO@olf=\skip67
\f@ncyO@orf=\skip68
)
\@folio@wd=\dimen138
\@folio@ht=\dimen139
\@folio@voffset=\dimen140
\c@theorem=\count123

Special comment 'acks' Excluding comment 'screenonly'
Include comment 'printonly' Include comment 'anonsuppress')
(E:\software\CTEX\MiKTeX\tex\latex\booktabs\booktabs.sty
Package: booktabs 2005/04/14 v1.61803 publication quality tables
\heavyrulewidth=\dimen141
\lightrulewidth=\dimen142
\cmidrulewidth=\dimen143
\belowrulesep=\dimen144
\belowbottomsep=\dimen145
\aboverulesep=\dimen146
\abovetopsep=\dimen147
\cmidrulesep=\dimen148
\cmidrulekern=\dimen149
\defaultaddspace=\dimen150
\@cmidla=\count124
\@cmidlb=\count125
\@aboverulesep=\dimen151
\@belowrulesep=\dimen152
\@thisruleclass=\count126
\@lastruleclass=\count127
\@thisrulewidth=\dimen153
)
Class acmart Info: Suppressing bibformat on input line 15.


LaTeX Warning: Unused global option(s):
    [sigconf].

("Q:\Academic\ZJU\Source Localization\WUWNET\sample-sigconf.aux"

LaTeX Warning: Label `my-label' multiply defined.


LaTeX Warning: Label `my-label@cref' multiply defined.

)
LaTeX Font Info:    Checking defaults for OML/cmm/m/it on input line 42.
LaTeX Font Info:    ... okay on input line 42.
LaTeX Font Info:    Checking defaults for T1/cmr/m/n on input line 42.
LaTeX Font Info:    ... okay on input line 42.
LaTeX Font Info:    Checking defaults for OT1/cmr/m/n on input line 42.
LaTeX Font Info:    ... okay on input line 42.
LaTeX Font Info:    Checking defaults for OMS/cmsy/m/n on input line 42.
LaTeX Font Info:    ... okay on input line 42.
LaTeX Font Info:    Checking defaults for OMX/cmex/m/n on input line 42.
LaTeX Font Info:    ... okay on input line 42.
LaTeX Font Info:    Checking defaults for U/cmr/m/n on input line 42.
LaTeX Font Info:    ... okay on input line 42.
LaTeX Font Info:    Checking defaults for PD1/pdf/m/n on input line 42.
LaTeX Font Info:    ... okay on input line 42.
LaTeX Font Info:    Checking defaults for PU/pdf/m/n on input line 42.
LaTeX Font Info:    ... okay on input line 42.
LaTeX Font Info:    Checking defaults for TS1/cmr/m/n on input line 42.
LaTeX Font Info:    Try loading font information for TS1+cmr on input line 42.
 (E:\software\CTEX\MiKTeX\tex\latex\base\ts1cmr.fd
File: ts1cmr.fd 1999/05/25 v2.5h Standard LaTeX font definitions
)
LaTeX Font Info:    ... okay on input line 42.
<<ot1.cmap>><<oml.cmap>><<oms.cmap>><<omx.cmap>>
LaTeX Font Info:    Try loading font information for U+msa on input line 42.
 (E:\software\CTEX\MiKTeX\tex\latex\amsfonts\umsa.fd
File: umsa.fd 2009/06/22 v3.00 AMS symbols A
)
LaTeX Font Info:    Try loading font information for U+msb on input line 42.

(E:\software\CTEX\MiKTeX\tex\latex\amsfonts\umsb.fd
File: umsb.fd 2009/06/22 v3.00 AMS symbols B
)
LaTeX Info: Redefining \microtypecontext on input line 42.
Package microtype Info: Generating PDF output.
Package microtype Info: Character protrusion enabled (level 2).
Package microtype Info: Using default protrusion set `alltext'.
Package microtype Info: Automatic font expansion enabled (level 2),
(microtype)             stretch: 20, shrink: 20, step: 1, non-selected.
Package microtype Info: Using default expansion set `basictext'.
Package microtype Info: No tracking.
Package microtype Info: No adjustment of interword spacing.
Package microtype Info: No adjustment of character kerning.

(E:\software\CTEX\MiKTeX\tex\latex\microtype\mt-cmr.cfg
File: mt-cmr.cfg 2009/11/09 v2.0 microtype config. file: Computer Modern Roman 
(RS)
)
ABD: EveryShipout initializing macros
\AtBeginShipoutBox=\box34
Package hyperref Info: Link coloring OFF on input line 42.

(E:\software\CTEX\MiKTeX\tex\latex\hyperref\nameref.sty
Package: nameref 2010/04/30 v2.40 Cross-referencing by name of section

(E:\software\CTEX\MiKTeX\tex\generic\oberdiek\gettitlestring.sty
Package: gettitlestring 2010/12/03 v1.4 Cleanup title references (HO)
)
\c@section@level=\count128
)
LaTeX Info: Redefining \ref on input line 42.
LaTeX Info: Redefining \pageref on input line 42.
LaTeX Info: Redefining \nameref on input line 42.

("Q:\Academic\ZJU\Source Localization\WUWNET\sample-sigconf.out")
("Q:\Academic\ZJU\Source Localization\WUWNET\sample-sigconf.out")
\@outlinefile=\write5

(E:\software\CTEX\MiKTeX\tex\context\base\supp-pdf.mkii
[Loading MPS to PDF converter (version 2006.09.02).]
\scratchcounter=\count129
\scratchdimen=\dimen154
\scratchbox=\box35
\nofMPsegments=\count130
\nofMParguments=\count131
\everyMPshowfont=\toks32
\MPscratchCnt=\count132
\MPscratchDim=\dimen155
\MPnumerator=\count133
\makeMPintoPDFobject=\count134
\everyMPtoPDFconversion=\toks33
)
*geometry* driver: auto-detecting
*geometry* detected driver: pdftex
*geometry* verbose mode - [ preamble ] result:
* driver: pdftex
* paper: custom
* layout: <same size as paper>
* layoutoffset:(h,v)=(0.0pt,0.0pt)
* modes: includehead includefoot twoside heightrounded 
* h-part:(L,W,R)=(54.0pt, 506.295pt, 54.0pt)
* v-part:(T,H,B)=(57.0pt, 664.96999pt, 73.0pt)
* \paperwidth=614.295pt
* \paperheight=794.96999pt
* \textwidth=506.295pt
* \textheight=626.0pt
* \oddsidemargin=-18.26999pt
* \evensidemargin=-18.26999pt
* \topmargin=-15.26999pt
* \headheight=13.0pt
* \headsep=14.0pt
* \topskip=10.0pt
* \footskip=12.0pt
* \marginparwidth=24.0pt
* \marginparsep=11.0pt
* \columnsep=24.0pt
* \skip\footins=7.0pt plus 11.0pt
* \hoffset=0.0pt
* \voffset=0.0pt
* \mag=1000
* \@twocolumnfalse
* \@twosidetrue
* \@mparswitchtrue
* \@reversemarginfalse
* (1in=72.27pt=25.4mm, 1cm=28.453pt)

Package caption Info: Begin \AtBeginDocument code.
Package caption Info: float package is loaded.
Package caption Info: End \AtBeginDocument code.
(E:\software\CTEX\MiKTeX\tex\latex\microtype\mt-msa.cfg
File: mt-msa.cfg 2006/02/04 v1.1 microtype config. file: AMS symbols (a) (RS)
)
(E:\software\CTEX\MiKTeX\tex\latex\microtype\mt-msb.cfg
File: mt-msb.cfg 2005/06/01 v1.0 microtype config. file: AMS symbols (b) (RS)
)

Package hyperref Warning: Token not allowed in a PDF string (Unicode):
(hyperref)                removing `\\' on input line 145.

("Q:\Academic\ZJU\Source Localization\WUWNET\samplebody-conf.tex"
Underfull \vbox (badness 10000) has occurred while \output is active []

 [1.1{E:/software/CTEX/UserData/pdftex/config/pdftex.map{Unicode.sfd}{UGBK.sfd}
}

]

Package amsmath Warning: Foreign command \over;
(amsmath)                \frac or \genfrac should be used instead
(amsmath)                 on input line 45.

[2.2]
<figure/Weights_summaries_in_hidden_laye_swell_exp.png, id=126, 421.575pt x 316
.18124pt>
File: figure/Weights_summaries_in_hidden_laye_swell_exp.png Graphic file (type 
png)
 <use figure/Weights_summaries_in_hidden_laye_swell_exp.png>
Package pdftex.def Info: figure/Weights_summaries_in_hidden_laye_swell_exp.png 
used on input line 99.
(pdftex.def)             Requested size: 113.80746pt x 85.35559pt.

<figure/Weights_summaries_in_hidden_layer_swell_exp_lambda_2_dot_1e_neg_5.png, 
id=127, 421.575pt x 316.18124pt>
File: figure/Weights_summaries_in_hidden_layer_swell_exp_lambda_2_dot_1e_neg_5.
png Graphic file (type png)

<use figure/Weights_summaries_in_hidden_layer_swell_exp_lambda_2_dot_1e_neg_5.p
ng>
Package pdftex.def Info: figure/Weights_summaries_in_hidden_layer_swell_exp_lam
bda_2_dot_1e_neg_5.png used on input line 100.
(pdftex.def)             Requested size: 113.80746pt x 85.35559pt.
 <figure/environment.png, id=128, 532.23843pt x 420.82219pt>
File: figure/environment.png Graphic file (type png)

<use figure/environment.png>
Package pdftex.def Info: figure/environment.png used on input line 110.
(pdftex.def)             Requested size: 227.62204pt x 179.96756pt.

<figure/Accuracy_on_SWellEx_S5_for_different_lambda.png, id=130, 421.575pt x 31
6.18124pt>
File: figure/Accuracy_on_SWellEx_S5_for_different_lambda.png Graphic file (type
 png)
 <use figure/Accuracy_on_SWellEx_S5_for_different_lambda.png>
Package pdftex.def Info: figure/Accuracy_on_SWellEx_S5_for_different_lambda.png
 used on input line 129.
(pdftex.def)             Requested size: 113.80746pt x 85.35559pt.

<figure/Hidden_Average_Density_on_SWellEx_S5_for_different_lambda.png, id=131, 
421.575pt x 316.18124pt>
File: figure/Hidden_Average_Density_on_SWellEx_S5_for_different_lambda.png Grap
hic file (type png)

<use figure/Hidden_Average_Density_on_SWellEx_S5_for_different_lambda.png>
Package pdftex.def Info: figure/Hidden_Average_Density_on_SWellEx_S5_for_differ
ent_lambda.png used on input line 131.
(pdftex.def)             Requested size: 113.80746pt x 85.35559pt.

<figure/sparse_represention_model.png, id=132, 485.56406pt x 221.32687pt>
File: figure/sparse_represention_model.png Graphic file (type png)

<use figure/sparse_represention_model.png>
Package pdftex.def Info: figure/sparse_represention_model.png used on input lin
e 147.
(pdftex.def)             Requested size: 227.62204pt x 103.75008pt.


Package Fancyhdr Warning: \headheight is too small (13.0pt): 
 Make it at least 20.55003pt.
 We now make it that large for the rest of the document.
 This may cause the page layout to be inconsistent, however.

[3.3 <Q:/Academic/ZJU/Source Localization/WUWNET/figure/Weights_summaries_in_hi
dden_laye_swell_exp.png (PNG copy)> <Q:/Academic/ZJU/Source Localization/WUWNET
/figure/Weights_summaries_in_hidden_layer_swell_exp_lambda_2_dot_1e_neg_5.png (
PNG copy)> <Q:/Academic/ZJU/Source Localization/WUWNET/figure/environment.png>]

LaTeX Warning: No positions in optional float specifier.
               Default added (so using `tbp') on input line 162.


LaTeX Warning: No positions in optional float specifier.
               Default added (so using `tbp') on input line 176.

<figure/ssp4.png, id=144, 421.575pt x 316.18124pt>
File: figure/ssp4.png Graphic file (type png)
 <use figure/ssp4.png>
Package pdftex.def Info: figure/ssp4.png used on input line 194.
(pdftex.def)             Requested size: 170.71652pt x 128.03822pt.

<figure/Accuracy_to_SNR_FNN_vs_Bartlett_MCE.png, id=145, 421.575pt x 316.18124p
t>
File: figure/Accuracy_to_SNR_FNN_vs_Bartlett_MCE.png Graphic file (type png)
 <use figure/Accuracy_to_SNR_FNN_vs_Bartlett_MCE.png>
Package pdftex.def Info: figure/Accuracy_to_SNR_FNN_vs_Bartlett_MCE.png used on
 input line 199.
(pdftex.def)             Requested size: 113.80746pt x 85.35559pt.

<figure/Error_to_SNR_FNN_vs_Bartlett_MCE.png, id=146, 421.575pt x 316.18124pt>
File: figure/Error_to_SNR_FNN_vs_Bartlett_MCE.png Graphic file (type png)

<use figure/Error_to_SNR_FNN_vs_Bartlett_MCE.png>
Package pdftex.def Info: figure/Error_to_SNR_FNN_vs_Bartlett_MCE.png used on in
put line 200.
(pdftex.def)             Requested size: 113.80746pt x 85.35559pt.

<figure/Accuracy_to_SNR_FNN_vs_Bartlett_MCE_i906.png, id=147, 421.575pt x 316.1
8124pt>
File: figure/Accuracy_to_SNR_FNN_vs_Bartlett_MCE_i906.png Graphic file (type pn
g)
 <use figure/Accuracy_to_SNR_FNN_vs_Bartlett_MCE_i906.png>
Package pdftex.def Info: figure/Accuracy_to_SNR_FNN_vs_Bartlett_MCE_i906.png us
ed on input line 201.
(pdftex.def)             Requested size: 113.80746pt x 85.35559pt.

<figure/Error_to_SNR_FNN_vs_Bartlett_MCE_i906.png, id=148, 421.575pt x 316.1812
4pt>
File: figure/Error_to_SNR_FNN_vs_Bartlett_MCE_i906.png Graphic file (type png)
 <use figure/Error_to_SNR_FNN_vs_Bartlett_MCE_i906.png>
Package pdftex.def Info: figure/Error_to_SNR_FNN_vs_Bartlett_MCE_i906.png used 
on input line 202.
(pdftex.def)             Requested size: 113.80746pt x 85.35559pt.

<figure/Accuracy_to_SNR_Combined_vs_Single.png, id=149, 421.575pt x 316.18124pt
>
File: figure/Accuracy_to_SNR_Combined_vs_Single.png Graphic file (type png)
 <use figure/Accuracy_to_SNR_Combined_vs_Single.png>
Package pdftex.def Info: figure/Accuracy_to_SNR_Combined_vs_Single.png used on 
input line 212.
(pdftex.def)             Requested size: 113.80746pt x 85.35559pt.

<figure/Error_to_SNR_Combined_vs_Single.png, id=150, 421.575pt x 316.18124pt>
File: figure/Error_to_SNR_Combined_vs_Single.png Graphic file (type png)

<use figure/Error_to_SNR_Combined_vs_Single.png>
Package pdftex.def Info: figure/Error_to_SNR_Combined_vs_Single.png used on inp
ut line 213.
(pdftex.def)             Requested size: 113.80746pt x 85.35559pt.
 [4.4 <Q:/Academic/ZJU/Source Localization/WUWNET/figure/Accuracy_on_SWellEx_S5
_for_different_lambda.png (PNG copy)> <Q:/Academic/ZJU/Source Localization/WUWN
ET/figure/Hidden_Average_Density_on_SWellEx_S5_for_different_lambda.png (PNG co
py)> <Q:/Academic/ZJU/Source Localization/WUWNET/figure/sparse_represention_mod
el.png> <Q:/Academic/ZJU/Source Localization/WUWNET/figure/ssp4.png (PNG copy)>
])
("Q:\Academic\ZJU\Source Localization\WUWNET\sample-sigconf.bbl"
Underfull \hbox (badness 1072) in paragraph at lines 18--21
[]\OT1/cmr/m/n/7 (+20) Arthur B Bag-geroer, William A Ku-per-man, and Pe-ter N
 []

) [5.5 <Q:/Academic/ZJU/Source Localization/WUWNET/figure/Accuracy_to_SNR_FNN_v
s_Bartlett_MCE.png (PNG copy)> <Q:/Academic/ZJU/Source Localization/WUWNET/figu
re/Error_to_SNR_FNN_vs_Bartlett_MCE.png (PNG copy)> <Q:/Academic/ZJU/Source Loc
alization/WUWNET/figure/Accuracy_to_SNR_FNN_vs_Bartlett_MCE_i906.png (PNG copy)
> <Q:/Academic/ZJU/Source Localization/WUWNET/figure/Error_to_SNR_FNN_vs_Bartle
tt_MCE_i906.png (PNG copy)> <Q:/Academic/ZJU/Source Localization/WUWNET/figure/
Accuracy_to_SNR_Combined_vs_Single.png (PNG copy)> <Q:/Academic/ZJU/Source Loca
lization/WUWNET/figure/Error_to_SNR_Combined_vs_Single.png (PNG copy)>]
Package atveryend Info: Empty hook `BeforeClearDocument' on input line 154.
Package atveryend Info: Empty hook `AfterLastShipout' on input line 154.

("Q:\Academic\ZJU\Source Localization\WUWNET\sample-sigconf.aux")
Package atveryend Info: Executing hook `AtVeryEndDocument' on input line 154.
Package atveryend Info: Executing hook `AtEndAfterFileList' on input line 154.


Package rerunfilecheck Warning: File `sample-sigconf.out' has changed.
(rerunfilecheck)                Rerun to get outlines right
(rerunfilecheck)                or use package `bookmark'.

Package rerunfilecheck Info: Checksums for `sample-sigconf.out':
(rerunfilecheck)             Before: 77A8BD8198825133A5850DAD35A82D62;4928
(rerunfilecheck)             After:  3EE91D63AA450762FA33DC1535855098;3533.

LaTeX Warning: There were multiply-defined labels.

 ) 
Here is how much of TeX's memory you used:
 14175 strings out of 495354
 218237 string characters out of 3183356
 392689 words of memory out of 3000000
 16786 multiletter control sequences out of 15000+200000
 16044 words of font info for 109 fonts, out of 3000000 for 9000
 175 hyphenation exceptions out of 8191
 60i,19n,94p,708b,459s stack positions out of 5000i,500n,10000p,200000b,50000s
{E:/software/CTEX/MiKTeX/fonts/enc/dvips/cm-super/cm-super-ts1.enc}<E:/softwa
re/CTEX/MiKTeX/fonts/type1/public/amsfonts/cm/cmbx10.pfb><E:/software/CTEX/MiKT
eX/fonts/type1/public/amsfonts/cm/cmbx9.pfb><E:/software/CTEX/MiKTeX/fonts/type
1/public/amsfonts/cm/cmbxti10.pfb><E:/software/CTEX/MiKTeX/fonts/type1/public/a
msfonts/cmextra/cmex9.pfb><E:/software/CTEX/MiKTeX/fonts/type1/public/amsfonts/
cm/cmmi5.pfb><E:/software/CTEX/MiKTeX/fonts/type1/public/amsfonts/cm/cmmi6.pfb>
<E:/software/CTEX/MiKTeX/fonts/type1/public/amsfonts/cm/cmmi9.pfb><E:/software/
CTEX/MiKTeX/fonts/type1/public/amsfonts/cm/cmr10.pfb><E:/software/CTEX/MiKTeX/f
onts/type1/public/amsfonts/cm/cmr12.pfb><E:/software/CTEX/MiKTeX/fonts/type1/pu
blic/amsfonts/cm/cmr6.pfb><E:/software/CTEX/MiKTeX/fonts/type1/public/amsfonts/
cm/cmr7.pfb><E:/software/CTEX/MiKTeX/fonts/type1/public/amsfonts/cm/cmr9.pfb><E
:/software/CTEX/MiKTeX/fonts/type1/public/amsfonts/cm/cmss9.pfb><E:/software/CT
EX/MiKTeX/fonts/type1/public/amsfonts/cm/cmssbx10.pfb><E:/software/CTEX/MiKTeX/
fonts/type1/public/amsfonts/cm/cmsy6.pfb><E:/software/CTEX/MiKTeX/fonts/type1/p
ublic/amsfonts/cm/cmsy9.pfb><E:/software/CTEX/MiKTeX/fonts/type1/public/amsfont
s/cm/cmti7.pfb><E:/software/CTEX/MiKTeX/fonts/type1/public/amsfonts/cm/cmti9.pf
b><E:/software/CTEX/MiKTeX/fonts/type1/public/cm-super/sfrm0700.pfb><E:/softwar
e/CTEX/MiKTeX/fonts/type1/public/cm-super/sfrm0900.pfb>
Output written on sample-sigconf.pdf (5 pages, 701858 bytes).
PDF statistics:
 262 PDF objects out of 1000 (max. 8388607)
 48 named destinations out of 1000 (max. 500000)
 18114 words of extra memory for PDF output out of 20736 (max. 10000000)

